<?xml version="1.0" encoding="UTF-8"?>
<!-- Generated by org.testng.reporters.JUnitReportReporter -->
<testsuite hostname="MT-31195758H" failures="0" tests="1" name="easydiner.SearchRestaurant" time="15.271" errors="0" timestamp="2021-11-21T13:48:38 IST" skipped="0">
  <testcase classname="easydiner.SearchRestaurant" name="RestaurantSearch" time="15.271"/>
  <system-out/>
</testsuite> <!-- easydiner.SearchRestaurant -->
