<?xml version="1.0" encoding="UTF-8"?>
<!-- Generated by org.testng.reporters.JUnitReportReporter -->
<testsuite hostname="MT-31195758H" failures="0" tests="1" name="LocationSearch" time="45.408" errors="0" timestamp="2021-11-21T13:25:58 IST" skipped="0">
  <testcase classname="LocationSearch" name="locatinSearch" time="45.408"/>
  <system-out/>
</testsuite> <!-- LocationSearch -->
