<?xml version="1.0" encoding="UTF-8"?>
<!-- Generated by org.testng.reporters.JUnitReportReporter -->
<testsuite hostname="MT-31195758H" failures="0" tests="1" name="Takeaway" time="48.080" errors="0" timestamp="2021-11-21T13:33:55 IST" skipped="0">
  <testcase classname="Takeaway" name="Take" time="48.080"/>
  <system-out/>
</testsuite> <!-- Takeaway -->
