<?xml version="1.0" encoding="UTF-8"?>
<!-- Generated by org.testng.reporters.JUnitReportReporter -->
<testsuite hostname="MT-31195758H" failures="0" tests="1" name="Help" time="74.048" errors="0" timestamp="2021-11-21T13:15:10 IST" skipped="0">
  <testcase classname="Help" name="testHelpTC" time="74.048"/>
  <system-out/>
</testsuite> <!-- Help -->
