<?xml version="1.0" encoding="UTF-8"?>
<!-- Generated by org.testng.reporters.JUnitReportReporter -->
<testsuite hostname="MT-31195758H" failures="0" tests="1" name="SearchRestaurant" time="45.199" errors="0" timestamp="2021-11-21T13:31:32 IST" skipped="0">
  <testcase classname="SearchRestaurant" name="RestaurantSearch" time="45.199"/>
  <system-out/>
</testsuite> <!-- SearchRestaurant -->
